<?xml version="1.0" encoding="UTF-8"?>
<!-- Generated by org.testng.reporters.JUnitReportReporter -->
<testsuite hostname="NARAHARI-WOODI-DELL" failures="0" tests="2" name="pac1.ContactTest" time="0.003" errors="0" timestamp="04 Mar 2025 12:06:48 GMT" skipped="0">
  <testcase classname="pac1.ContactTest" name="modifyContactTest" time="0.000"/>
  <testcase classname="pac1.ContactTest" name="createContactTest" time="0.003"/>
</testsuite> <!-- pac1.ContactTest -->
